[2019-11-11 07:24:08,864] INFO org.github.dragos.vscode.Main$ - Starting server in c:\Users\takeshima.y\phantom\repo\stats
[2019-11-11 07:24:08,864] INFO org.github.dragos.vscode.Main$ - Starting server in c:\Users\takeshima.y\phantom\repo\stats
[2019-11-11 07:24:08,874] INFO org.github.dragos.vscode.Main$ - Classpath: c:\Users\takeshima.y\.vscode\extensions\dragos.scala-lsp-0.2.3\coursier
[2019-11-11 07:24:08,874] INFO org.github.dragos.vscode.Main$ - Classpath: c:\Users\takeshima.y\.vscode\extensions\dragos.scala-lsp-0.2.3\coursier
[2019-11-11 07:24:09,087] DEBUG langserver.core.MessageReader - Received headers:
Content-Length: 1215
[2019-11-11 07:24:09,087] DEBUG langserver.core.MessageReader - Received headers:
Content-Length: 1215
[2019-11-11 07:24:09,112] DEBUG langserver.core.Connection - Received {"jsonrpc":"2.0","id":0,"method":"initialize","params":{"processId":25672,"rootPath":"c:\\Users\\takeshima.y\\phantom\\repo\\stats","rootUri":"file:///c%3A/Users/takeshima.y/phantom/repo/stats","capabilities":{"workspace":{"applyEdit":true,"didChangeConfiguration":{"dynamicRegistration":false},"didChangeWatchedFiles":{"dynamicRegistration":false},"symbol":{"dynamicRegistration":true},"executeCommand":{"dynamicRegistration":true}},"textDocument":{"synchronization":{"dynamicRegistration":true,"willSave":true,"willSaveWaitUntil":true,"didSave":true},"completion":{"dynamicRegistration":true,"completionItem":{"snippetSupport":true}},"hover":{"dynamicRegistration":true},"signatureHelp":{"dynamicRegistration":true},"references":{"dynamicRegistration":true},"documentHighlight":{"dynamicRegistration":true},"documentSymbol":{"dynamicRegistration":true},"formatting":{"dynamicRegistration":true},"rangeFormatting":{"dynamicRegistration":true},"onTypeFormatting":{"dynamicRegistration":true},"definition":{"dynamicRegistration":true},"codeAction":{"dynamicRegistration":true},"codeLens":{"dynamicRegistration":true},"documentLink":{"dynamicRegistration":true},"rename":{"dynamicRegistration":true}}},"trace":"off"}}
[2019-11-11 07:24:09,112] DEBUG langserver.core.Connection - Received {"jsonrpc":"2.0","id":0,"method":"initialize","params":{"processId":25672,"rootPath":"c:\\Users\\takeshima.y\\phantom\\repo\\stats","rootUri":"file:///c%3A/Users/takeshima.y/phantom/repo/stats","capabilities":{"workspace":{"applyEdit":true,"didChangeConfiguration":{"dynamicRegistration":false},"didChangeWatchedFiles":{"dynamicRegistration":false},"symbol":{"dynamicRegistration":true},"executeCommand":{"dynamicRegistration":true}},"textDocument":{"synchronization":{"dynamicRegistration":true,"willSave":true,"willSaveWaitUntil":true,"didSave":true},"completion":{"dynamicRegistration":true,"completionItem":{"snippetSupport":true}},"hover":{"dynamicRegistration":true},"signatureHelp":{"dynamicRegistration":true},"references":{"dynamicRegistration":true},"documentHighlight":{"dynamicRegistration":true},"documentSymbol":{"dynamicRegistration":true},"formatting":{"dynamicRegistration":true},"rangeFormatting":{"dynamicRegistration":true},"onTypeFormatting":{"dynamicRegistration":true},"definition":{"dynamicRegistration":true},"codeAction":{"dynamicRegistration":true},"codeLens":{"dynamicRegistration":true},"documentLink":{"dynamicRegistration":true},"rename":{"dynamicRegistration":true}}},"trace":"off"}}
[2019-11-11 07:24:09,701] INFO org.github.dragos.vscode.EnsimeLanguageServer - Initialized with 25672, c:\Users\takeshima.y\phantom\repo\stats, ClientCapabilities()
[2019-11-11 07:24:09,701] INFO org.github.dragos.vscode.EnsimeLanguageServer - Initialized with 25672, c:\Users\takeshima.y\phantom\repo\stats, ClientCapabilities()
[2019-11-11 07:24:09,707] DEBUG org.github.dragos.vscode.EnsimeLanguageServer - ensime.config = "C:/Users/takeshima.y/phantom/repo/stats/.ensime" 
[2019-11-11 07:24:09,707] DEBUG org.github.dragos.vscode.EnsimeLanguageServer - ensime.config = "C:/Users/takeshima.y/phantom/repo/stats/.ensime" 
[2019-11-11 07:24:10,534] INFO akka.event.slf4j.Slf4jLogger - Slf4jLogger started
[2019-11-11 07:24:10,726] ERROR org.github.dragos.vscode.EnsimeLanguageServer - initializeEnsime Error: C:\Users\takeshima.y\phantom\repo\stats\.ensime
[2019-11-11 07:24:10,726] ERROR org.github.dragos.vscode.EnsimeLanguageServer - initializeEnsime Error: C:\Users\takeshima.y\phantom\repo\stats\.ensime
[2019-11-11 07:24:10,810] DEBUG langserver.core.MessageWriter - Content-Length: 146



{"jsonrpc":"2.0","method":"window/showMessage","params":{"tpe":1,"message":"No .ensime file in directory. Run `sbt ensimeConfig` to create one."}}
[2019-11-11 07:24:10,810] DEBUG langserver.core.MessageWriter - Content-Length: 146



{"jsonrpc":"2.0","method":"window/showMessage","params":{"tpe":1,"message":"No .ensime file in directory. Run `sbt ensimeConfig` to create one."}}
[2019-11-11 07:24:10,811] DEBUG langserver.core.MessageWriter - payload: {"jsonrpc":"2.0","method":"window/showMessage","params":{"tpe":1,"message":"No .ensime file in directory. Run `sbt ensimeConfig` to create one."}}
[2019-11-11 07:24:10,811] DEBUG langserver.core.MessageWriter - payload: {"jsonrpc":"2.0","method":"window/showMessage","params":{"tpe":1,"message":"No .ensime file in directory. Run `sbt ensimeConfig` to create one."}}
[2019-11-11 07:24:10,926] DEBUG langserver.core.MessageWriter - Content-Length: 441



{"jsonrpc":"2.0","result":{"capabilities":{"textDocumentSync":1,"hoverProvider":true,"completionProvider":{"resolveProvider":false,"triggerCharacters":["."]},"definitionProvider":true,"referencesProvider":false,"documentHighlightProvider":false,"documentSymbolProvider":true,"workspaceSymbolProvider":false,"codeActionProvider":false,"documentFormattingProvider":false,"documentRangeFormattingProvider":false,"renameProvider":false}},"id":0}
[2019-11-11 07:24:10,926] DEBUG langserver.core.MessageWriter - Content-Length: 441



{"jsonrpc":"2.0","result":{"capabilities":{"textDocumentSync":1,"hoverProvider":true,"completionProvider":{"resolveProvider":false,"triggerCharacters":["."]},"definitionProvider":true,"referencesProvider":false,"documentHighlightProvider":false,"documentSymbolProvider":true,"workspaceSymbolProvider":false,"codeActionProvider":false,"documentFormattingProvider":false,"documentRangeFormattingProvider":false,"renameProvider":false}},"id":0}
[2019-11-11 07:24:10,926] DEBUG langserver.core.MessageWriter - payload: {"jsonrpc":"2.0","result":{"capabilities":{"textDocumentSync":1,"hoverProvider":true,"completionProvider":{"resolveProvider":false,"triggerCharacters":["."]},"definitionProvider":true,"referencesProvider":false,"documentHighlightProvider":false,"documentSymbolProvider":true,"workspaceSymbolProvider":false,"codeActionProvider":false,"documentFormattingProvider":false,"documentRangeFormattingProvider":false,"renameProvider":false}},"id":0}
[2019-11-11 07:24:10,926] DEBUG langserver.core.MessageWriter - payload: {"jsonrpc":"2.0","result":{"capabilities":{"textDocumentSync":1,"hoverProvider":true,"completionProvider":{"resolveProvider":false,"triggerCharacters":["."]},"definitionProvider":true,"referencesProvider":false,"documentHighlightProvider":false,"documentSymbolProvider":true,"workspaceSymbolProvider":false,"codeActionProvider":false,"documentFormattingProvider":false,"documentRangeFormattingProvider":false,"renameProvider":false}},"id":0}
[2019-11-11 07:24:10,930] DEBUG langserver.core.MessageReader - Received headers:
Content-Length: 52
[2019-11-11 07:24:10,930] DEBUG langserver.core.MessageReader - Received headers:
Content-Length: 52
[2019-11-11 07:24:10,935] DEBUG langserver.core.Connection - Received {"jsonrpc":"2.0","method":"initialized","params":{}}
[2019-11-11 07:24:10,935] DEBUG langserver.core.Connection - Received {"jsonrpc":"2.0","method":"initialized","params":{}}
[2019-11-11 07:24:10,953] ERROR org.github.dragos.vscode.EnsimeLanguageServer - Unknown notification Initialized()
[2019-11-11 07:24:10,953] ERROR org.github.dragos.vscode.EnsimeLanguageServer - Unknown notification Initialized()
[2019-11-11 10:01:03,215] DEBUG langserver.core.MessageReader - Received headers:
Content-Length: 58
[2019-11-11 10:01:03,215] DEBUG langserver.core.MessageReader - Received headers:
Content-Length: 58
[2019-11-11 10:01:03,243] DEBUG langserver.core.Connection - Received {"jsonrpc":"2.0","id":1,"method":"shutdown","params":null}
[2019-11-11 10:01:03,243] DEBUG langserver.core.Connection - Received {"jsonrpc":"2.0","id":1,"method":"shutdown","params":null}
[2019-11-11 10:01:03,350] DEBUG langserver.core.MessageWriter - Content-Length: 198



{"jsonrpc":"2.0","error":{"code":-32602,"message":"Invalid params","data":{"meaning":"Invalid method parameter(s).","error":{"obj":[{"msg":["command parameters must be given"],"args":[]}]}}},"id":1}
[2019-11-11 10:01:03,350] DEBUG langserver.core.MessageWriter - Content-Length: 198



{"jsonrpc":"2.0","error":{"code":-32602,"message":"Invalid params","data":{"meaning":"Invalid method parameter(s).","error":{"obj":[{"msg":["command parameters must be given"],"args":[]}]}}},"id":1}
[2019-11-11 10:01:03,350] DEBUG langserver.core.MessageWriter - payload: {"jsonrpc":"2.0","error":{"code":-32602,"message":"Invalid params","data":{"meaning":"Invalid method parameter(s).","error":{"obj":[{"msg":["command parameters must be given"],"args":[]}]}}},"id":1}
[2019-11-11 10:01:03,350] DEBUG langserver.core.MessageWriter - payload: {"jsonrpc":"2.0","error":{"code":-32602,"message":"Invalid params","data":{"meaning":"Invalid method parameter(s).","error":{"obj":[{"msg":["command parameters must be given"],"args":[]}]}}},"id":1}
